  main.cpp
d:\profiles\njp2424\desktop\physics\level11\physics-3d-rollingresistance-mastervs2019\3drollingresistance\main.cpp(191): warning C4244: '=': conversion from 'double' to 'T', possible loss of data
          with
          [
              T=float
          ]
d:\profiles\njp2424\desktop\physics\level11\physics-3d-rollingresistance-mastervs2019\3drollingresistance\main.cpp(192): warning C4244: '=': conversion from 'double' to 'T', possible loss of data
          with
          [
              T=float
          ]
d:\profiles\njp2424\desktop\physics\level11\physics-3d-rollingresistance-mastervs2019\3drollingresistance\main.cpp(193): warning C4244: '=': conversion from 'double' to 'T', possible loss of data
          with
          [
              T=float
          ]
d:\profiles\njp2424\desktop\physics\level11\physics-3d-rollingresistance-mastervs2019\3drollingresistance\main.cpp(199): warning C4244: '=': conversion from 'double' to 'T', possible loss of data
          with
          [
              T=float
          ]
d:\profiles\njp2424\desktop\physics\level11\physics-3d-rollingresistance-mastervs2019\3drollingresistance\main.cpp(200): warning C4244: '=': conversion from 'double' to 'T', possible loss of data
          with
          [
              T=float
          ]
d:\profiles\njp2424\desktop\physics\level11\physics-3d-rollingresistance-mastervs2019\3drollingresistance\main.cpp(201): warning C4244: '=': conversion from 'double' to 'T', possible loss of data
          with
          [
              T=float
          ]
d:\profiles\njp2424\desktop\physics\level11\physics-3d-rollingresistance-mastervs2019\3drollingresistance\main.cpp(207): warning C4244: '=': conversion from 'double' to 'T', possible loss of data
          with
          [
              T=float
          ]
d:\profiles\njp2424\desktop\physics\level11\physics-3d-rollingresistance-mastervs2019\3drollingresistance\main.cpp(208): warning C4244: '=': conversion from 'double' to 'T', possible loss of data
          with
          [
              T=float
          ]
d:\profiles\njp2424\desktop\physics\level11\physics-3d-rollingresistance-mastervs2019\3drollingresistance\main.cpp(209): warning C4244: '=': conversion from 'double' to 'T', possible loss of data
          with
          [
              T=float
          ]
d:\profiles\njp2424\desktop\physics\level11\physics-3d-rollingresistance-mastervs2019\3drollingresistance\main.cpp(215): warning C4244: '=': conversion from 'double' to 'T', possible loss of data
          with
          [
              T=float
          ]
d:\profiles\njp2424\desktop\physics\level11\physics-3d-rollingresistance-mastervs2019\3drollingresistance\main.cpp(216): warning C4244: '=': conversion from 'double' to 'T', possible loss of data
          with
          [
              T=float
          ]
d:\profiles\njp2424\desktop\physics\level11\physics-3d-rollingresistance-mastervs2019\3drollingresistance\main.cpp(217): warning C4244: '=': conversion from 'double' to 'T', possible loss of data
          with
          [
              T=float
          ]
d:\profiles\njp2424\desktop\physics\level11\physics-3d-rollingresistance-mastervs2019\3drollingresistance\main.cpp(743): warning C4101: 'temp': unreferenced local variable
d:\profiles\njp2424\desktop\physics\level11\physics-3d-rollingresistance-mastervs2019\3drollingresistance\main.cpp(912): warning C4101: 'i': unreferenced local variable
d:\profiles\njp2424\desktop\physics\level11\physics-3d-rollingresistance-mastervs2019\3drollingresistance\main.cpp(1348): warning C4244: 'argument': conversion from 'double' to 'float', possible loss of data
d:\profiles\njp2424\desktop\physics\level11\physics-3d-rollingresistance-mastervs2019\3drollingresistance\main.cpp(1438): warning C4326: return type of 'main' should be 'int' instead of 'void'
d:\profiles\njp2424\desktop\physics\level11\physics-3d-rollingresistance-mastervs2019\3drollingresistance\main.cpp(584): warning C4715: 'overlap': not all control paths return a value
  3DRollingResistance.vcxproj -> D:\Profiles\njp2424\Desktop\Physics\level11\physics-3D-RollingResistance-masterVS2019\3DRollingResistance\Debug\3DRollingResistance.exe
